[0m[[0m[0mdebug[0m] [0m[0m> Exec(testOnly FALUTest -- -DwriteVcd=1, Some(9b797639-a60f-4282-9a0a-f94a1ad249f3), Some(CommandSource(console0)))[0m
[0m[[0m[0mdebug[0m] [0m[0mEvaluating tasks: Test / testOnly[0m
[0m[[0m[0mdebug[0m] [0m[0mRunning task... Cancel: Signal, check cycles: false, forcegc: true[0m
[0m[[0m[0mdebug[0m] [0m[0mjsonRpcNotify: JsonRpcNotificationMessage(2.0, build/taskStart, {"taskId":{"id":"22","parents":[]},"eventTime":1650711016654,"message":"Compiling root","dataKind":"compile-task","data":{"target":{"uri":"file:/home/almas/fpu_chisel/#root/Compile"}}})[0m
[0m[[0m[0minfo[0m] [0m[0mcompiling 1 Scala source to /home/almas/fpu_chisel/target/scala-2.12/classes ...[0m
[0m[[0m[0mdebug[0m] [0m[0mjsonRpcNotify: JsonRpcNotificationMessage(2.0, build/logMessage, {"type":3,"message":"compiling 1 Scala source to /home/almas/fpu_chisel/target/scala-2.12/classes ..."})[0m
[0m[[0m[0mdebug[0m] [0m[0mjsonRpcNotify: JsonRpcNotificationMessage(2.0, build/publishDiagnostics, {"textDocument":{"uri":"file:///home/almas/fpu_chisel/src/main/scala/mul.scala"},"buildTarget":{"uri":"file:/home/almas/fpu_chisel/#root/Compile"},"diagnostics":[],"reset":true})[0m
[0m[[0m[0mdebug[0m] [0m[0mjsonRpcNotify: JsonRpcNotificationMessage(2.0, build/publishDiagnostics, {"textDocument":{"uri":"file:///home/almas/fpu_chisel/src/main/scala/FALU.scala"},"buildTarget":{"uri":"file:/home/almas/fpu_chisel/#root/Compile"},"diagnostics":[],"reset":true})[0m
[0m[[0m[0mdebug[0m] [0m[0mjsonRpcNotify: JsonRpcNotificationMessage(2.0, build/publishDiagnostics, {"textDocument":{"uri":"file:///home/almas/fpu_chisel/src/main/scala/NFALU.scala"},"buildTarget":{"uri":"file:/home/almas/fpu_chisel/#root/Compile"},"diagnostics":[],"reset":true})[0m
[0m[[0m[0mdebug[0m] [0m[0mjsonRpcNotify: JsonRpcNotificationMessage(2.0, build/publishDiagnostics, {"textDocument":{"uri":"file:///home/almas/fpu_chisel/src/main/scala/ALU.scala"},"buildTarget":{"uri":"file:/home/almas/fpu_chisel/#root/Compile"},"diagnostics":[],"reset":true})[0m
[0m[[0m[0mdebug[0m] [0m[0mjsonRpcNotify: JsonRpcNotificationMessage(2.0, build/taskFinish, {"taskId":{"id":"22","parents":[]},"eventTime":1650711017728,"message":"Compiled root","status":1,"dataKind":"compile-report","data":{"target":{"uri":"file:/home/almas/fpu_chisel/#root/Compile"},"errors":0,"warnings":0,"time":1074}})[0m
[0m[[0m[0mdebug[0m] [0m[0mjsonRpcNotify: JsonRpcNotificationMessage(2.0, build/taskStart, {"taskId":{"id":"23","parents":[]},"eventTime":1650711017740,"message":"Compiling root-test","dataKind":"compile-task","data":{"target":{"uri":"file:/home/almas/fpu_chisel/#root/Test"}}})[0m
[0m[[0m[0mdebug[0m] [0m[0mjsonRpcNotify: JsonRpcNotificationMessage(2.0, build/publishDiagnostics, {"textDocument":{"uri":"file:///home/almas/fpu_chisel/src/test/scala/ADD_00_case.scala"},"buildTarget":{"uri":"file:/home/almas/fpu_chisel/#root/Test"},"diagnostics":[],"reset":true})[0m
[0m[[0m[0mdebug[0m] [0m[0mjsonRpcNotify: JsonRpcNotificationMessage(2.0, build/publishDiagnostics, {"textDocument":{"uri":"file:///home/almas/fpu_chisel/src/test/scala/NFALUTest.scala"},"buildTarget":{"uri":"file:/home/almas/fpu_chisel/#root/Test"},"diagnostics":[],"reset":true})[0m
[0m[[0m[0mdebug[0m] [0m[0mjsonRpcNotify: JsonRpcNotificationMessage(2.0, build/publishDiagnostics, {"textDocument":{"uri":"file:///home/almas/fpu_chisel/src/test/scala/mulTest.scala"},"buildTarget":{"uri":"file:/home/almas/fpu_chisel/#root/Test"},"diagnostics":[],"reset":true})[0m
[0m[[0m[0mdebug[0m] [0m[0mjsonRpcNotify: JsonRpcNotificationMessage(2.0, build/publishDiagnostics, {"textDocument":{"uri":"file:///home/almas/fpu_chisel/src/test/scala/FALUTest.scala"},"buildTarget":{"uri":"file:/home/almas/fpu_chisel/#root/Test"},"diagnostics":[],"reset":true})[0m
[0m[[0m[0mdebug[0m] [0m[0mjsonRpcNotify: JsonRpcNotificationMessage(2.0, build/publishDiagnostics, {"textDocument":{"uri":"file:///home/almas/fpu_chisel/src/test/scala/ALUTest%20.scala"},"buildTarget":{"uri":"file:/home/almas/fpu_chisel/#root/Test"},"diagnostics":[],"reset":true})[0m
[0m[[0m[0mdebug[0m] [0m[0mjsonRpcNotify: JsonRpcNotificationMessage(2.0, build/taskFinish, {"taskId":{"id":"23","parents":[]},"eventTime":1650711017750,"message":"Compiled root-test","status":1,"dataKind":"compile-report","data":{"target":{"uri":"file:/home/almas/fpu_chisel/#root/Test"},"errors":0,"warnings":0,"time":10}})[0m
[0m[[0m[0minfo[0m] [0m[0m[32mFALUTest:[0m[0m
[0m[[0m[0minfo[0m] [0m[0m[32m- FALU Test[0m[0m
[0m[[0m[0mdebug[0m] [0m[0mjsonRpcNotify: JsonRpcNotificationMessage(2.0, build/logMessage, {"type":3,"message":"\u001b[32mFALUTest:\u001b[0m"})[0m
[0m[[0m[0mdebug[0m] [0m[0mjsonRpcNotify: JsonRpcNotificationMessage(2.0, build/logMessage, {"type":3,"message":"\u001b[32m- FALU Test\u001b[0m"})[0m
[0m[[0m[0minfo[0m] [0m[0m[36mRun completed in 6 seconds, 579 milliseconds.[0m[0m
[0m[[0m[0minfo[0m] [0m[0m[36mTotal number of tests run: 1[0m[0m
[0m[[0m[0minfo[0m] [0m[0m[36mSuites: completed 1, aborted 0[0m[0m
[0m[[0m[0minfo[0m] [0m[0m[36mTests: succeeded 1, failed 0, canceled 0, ignored 0, pending 0[0m[0m
[0m[[0m[0minfo[0m] [0m[0m[32mAll tests passed.[0m[0m
[0m[[0m[0mdebug[0m] [0m[0mjsonRpcNotify: JsonRpcNotificationMessage(2.0, build/logMessage, {"type":3,"message":"\u001b[36mRun completed in 6 seconds, 579 milliseconds.\u001b[0m\n\u001b[36mTotal number of tests run: 1\u001b[0m\n\u001b[36mSuites: completed 1, aborted 0\u001b[0m\n\u001b[36mTests: succeeded 1, failed 0, canceled 0, ignored 0, pending 0\u001b[0m\n\u001b[32mAll tests passed.\u001b[0m"})[0m
[0m[[0m[32msuccess[0m] [0m[0mTotal time: 8 s, completed Apr 23, 2022, 3:50:24 PM[0m
[0m[[0m[0mdebug[0m] [0m[0m> Exec(shell, None, None)[0m
[0m[[0m[0mdebug[0m] [0m[0mlsp-definition json request: {"textDocument":{"uri":"file:///home/almas/fpu_chisel/src/main/scala/FALU.scala"},"position":{"line":29,"character":60}}[0m
[0m[[0m[0mdebug[0m] [0m[0mlsp-definition found line:     }.elsewhen( io.aluCtl==="b00001".U && io.opcode==="b1010011".U){[0m
[0m[[0m[0mdebug[0m] [0m[0msymbol b1010011[0m
[0m[[0m[0mdebug[0m] [0m[0mlsp-definition potentials: Set()[0m
[0m[[0m[0mdebug[0m] [0m[0mlsp-definition locations Vector()[0m
