2022.04.23 13:58:43 INFO  tracing is disabled for protocol LSP, to enable tracing of incoming and outgoing JSON messages create an empty file at /home/almas/fpu_chisel/.metals/lsp.trace.json or /home/almas/.cache/metals/lsp.trace.json[0m
2022.04.23 13:58:45 INFO  logging to file /home/almas/fpu_chisel/.metals/metals.log[0m
2022.04.23 13:58:45 INFO  Started: Metals version 0.11.2 in workspace '/home/almas/fpu_chisel' for client Visual Studio Code 1.60.0.[0m
2022.04.23 13:58:45 INFO  Parse release: 11.0.14.1[0m
2022.04.23 13:58:50 INFO  time: initialize in 5.43s[0m
2022.04.23 13:58:51 WARN  Build server is not auto-connectable.[0m
2022.04.23 13:58:53 WARN  no build target for: /home/almas/fpu_chisel/src/main/scala/NFALU.scala[0m
2022.04.23 13:59:00 INFO  no build target found for /home/almas/fpu_chisel/src/main/scala/NFALU.scala. Using presentation compiler with project's scala-library version: 3.1.1[0m
2022.04.23 13:59:05 INFO  time: code lens generation in 3.87s[0m
2022.04.23 13:59:05 INFO  time: code lens generation in 10s[0m
Apr 23, 2022 1:59:23 PM org.eclipse.lsp4j.jsonrpc.RemoteEndpoint handleCancellation
WARNING: Unmatched cancel notification for request id 39
2022.04.23 14:02:31 WARN  no build target for: /home/almas/fpu_chisel/src/main/scala/NFALU.scala[0m
2022.04.23 14:02:34 WARN  no build target for: /home/almas/fpu_chisel/src/main/scala/NFALU.scala[0m
2022.04.23 14:02:34 WARN  no build target for: /home/almas/fpu_chisel/src/main/scala/NFALU.scala[0m
2022.04.23 14:03:37 WARN  no build target for: /home/almas/fpu_chisel/src/test/scala/NFALUTest.scala[0m
Apr 23, 2022 2:03:38 PM org.eclipse.lsp4j.jsonrpc.RemoteEndpoint handleCancellation
WARNING: Unmatched cancel notification for request id 417
2022.04.23 14:04:00 WARN  no build target for: /home/almas/fpu_chisel/src/test/scala/NFALUTest.scala[0m
2022.04.23 14:04:29 WARN  no build target for: /home/almas/fpu_chisel/src/test/scala/NFALUTest.scala[0m
Apr 23, 2022 2:07:43 PM org.eclipse.lsp4j.jsonrpc.RemoteEndpoint handleCancellation
WARNING: Unmatched cancel notification for request id 525
2022.04.23 14:08:06 WARN  no build target for: /home/almas/fpu_chisel/src/main/scala/NFALU.scala[0m
2022.04.23 14:08:25 WARN  no build target for: /home/almas/fpu_chisel/src/main/scala/NFALU.scala[0m
2022.04.23 14:08:59 WARN  no build target for: /home/almas/fpu_chisel/src/main/scala/NFALU.scala[0m
2022.04.23 14:12:10 WARN  no build target for: /home/almas/fpu_chisel/src/main/scala/NFALU.scala[0m
Apr 23, 2022 2:12:14 PM org.eclipse.lsp4j.jsonrpc.services.GenericEndpoint notify
INFO: Unsupported notification method: $/setTrace
